<?xml version="1.0" encoding="UTF-8"?>
<coverage generated="1544763689716" clover="3.2.0">
  <project timestamp="1544763689716" name="All files">
    <metrics statements="5" coveredstatements="0" conditionals="2" coveredconditionals="0" methods="3" coveredmethods="0" elements="10" coveredelements="0" complexity="0" loc="5" ncloc="5" packages="1" files="1" classes="1">
      <file name="App.js" path="/Users/jamessimoes/Workspace/react-wordpress/wp-content/plugins/react-app/client/src/App.js">
        <metrics statements="5" coveredstatements="0" conditionals="2" coveredconditionals="0" methods="3" coveredmethods="0"/>
        <line num="5" count="0" type="stmt"/>
        <line num="6" count="0" type="stmt"/>
        <line num="10" count="0" type="cond" truecount="0" falsecount="2"/>
        <line num="11" count="0" type="stmt"/>
        <line num="14" count="0" type="stmt"/>
      </file>
    </metrics>
  </project>
</coverage>
